<?xml version="1.0" encoding="UTF-8"?>
<testsuite xmlns:xsi="http://www.w3.org/2001/XMLSchema-instance" xsi:noNamespaceSchemaLocation="https://maven.apache.org/surefire/maven-surefire-plugin/xsd/surefire-test-report-3.0.xsd" version="3.0" name="runners.SmokeRunner" time="31.19" tests="1" errors="0" skipped="0" failures="0">
  <properties>
[...]
</properties>
  <testcase name="User can Login into account" classname="User can Login" time="30.262">
    <system-out><![CDATA[
@tc1002 @login
Scenario: User can Login into account               # src/test/resources/features/Login.feature:3
  When user enters valid email address and password # steps.LogIn.user_enters_valid_and()
  And user click on Login button                    # steps.LogIn.user_click_on_login_button()
  Then user navigate to My account page             # steps.LogIn.user_navigate_to_my_account_page()

    Embedding User can Login into account [image/png 131836 bytes]

]]></system-out>
    <system-err><![CDATA[SLF4J: Failed to load class "org.slf4j.impl.StaticLoggerBinder".
SLF4J: Defaulting to no-operation (NOP) logger implementation
SLF4J: See http://www.slf4j.org/codes.html#StaticLoggerBinder for further details.
Starting ChromeDriver 108.0.5359.71 (1e0e3868ee06e91ad636a874420e3ca3ae3756ac-refs/branch-heads/5359@{#1016}) on port 32677
Only local connections are allowed.
Please see https://chromedriver.chromium.org/security-considerations for suggestions on keeping ChromeDriver safe.
ChromeDriver was started successfully.
Dec 16, 2022 12:48:49 AM org.openqa.selenium.remote.ProtocolHandshake createSession
INFO: Detected dialect: W3C
log4j:WARN Continuable parsing error 5 and column 84
log4j:WARN Attribute "xmlns:log4j" with value "https://jakarta.apache.org/log4j/" must have a value of "http://jakarta.apache.org/log4j/".
Dec 16, 2022 12:49:06 AM utils.Log lambda$static$0
INFO: **********************************
Dec 16, 2022 12:49:06 AM utils.Log lambda$static$0
INFO: *****************************************
Dec 16, 2022 12:49:06 AM utils.Log lambda$static$0
INFO: ############   My test case ################
Dec 16, 2022 12:49:06 AM utils.Log lambda$static$0
INFO: **********************************
Dec 16, 2022 12:49:06 AM utils.Log lambda$static$0
INFO: *****************************************
Dec 16, 2022 12:49:06 AM utils.Log lambda$static$2
INFO: Test in process
Dec 16, 2022 12:49:06 AM utils.Log lambda$static$3
INFO: My test case might be failed
Dec 16, 2022 12:49:11 AM utils.Log lambda$static$2
INFO: My test case is about to complete
Dec 16, 2022 12:49:11 AM utils.Log lambda$static$1
INFO: ##################################
Dec 16, 2022 12:49:11 AM utils.Log lambda$static$1
INFO: ##########################################
Dec 16, 2022 12:49:11 AM utils.Log lambda$static$1
INFO: ############   This is my login test again ################
Dec 16, 2022 12:49:11 AM utils.Log lambda$static$1
INFO: ##########################
Dec 16, 2022 12:49:11 AM utils.Log lambda$static$1
INFO: ##########################################
]]></system-err>
  </testcase>
</testsuite>